-------------------------------------------------------------------------------
Test set: atsdsi.framework.JUnitTestSuite
-------------------------------------------------------------------------------
Tests run: 1, Failures: 0, Errors: 1, Skipped: 0, Time elapsed: 0.173 sec <<< FAILURE! - in atsdsi.framework.JUnitTestSuite
testHomePageHasAHeader(atsdsi.framework.SampleJUnitTest)  Time elapsed: 0.124 sec  <<< ERROR!
ru.stqa.selenium.factory.DriverCreationError: java.lang.reflect.InvocationTargetException
Caused by: java.lang.reflect.InvocationTargetException
Caused by: java.lang.IllegalStateException: The path to the driver executable must be set by the webdriver.chrome.driver system property; for more information, see https://github.com/SeleniumHQ/selenium/wiki/ChromeDriver. The latest version can be downloaded from http://chromedriver.storage.googleapis.com/index.html

